Ping has started
Mon 23 Mar 2020 11:40:01 PM EDT
Pinging Youtube.com
0
Pinging Google.com
0
Pinging 83.79.9.3
0
Ping has completed
Youtube.com is up
Google.com is up
83.79.9.3 is up
Ping has started
Mon 23 Mar 2020 11:41:01 PM EDT
Pinging Youtube.com
0
Pinging Google.com
0
Pinging 83.79.9.3
0
Ping has completed
Youtube.com is up
Google.com is up
83.79.9.3 is up
Ping has started
Mon 23 Mar 2020 11:42:01 PM EDT
Pinging Youtube.com
0
Pinging Google.com
0
Pinging 83.79.9.3
0
Ping has completed
Youtube.com is up
Google.com is up
83.79.9.3 is up
Ping has started
Mon 23 Mar 2020 11:43:01 PM EDT
Pinging Youtube.com
0
Pinging Google.com
0
Pinging 83.79.9.3
0
Ping has completed
Youtube.com is up
Google.com is up
83.79.9.3 is up
Ping has started
Mon 23 Mar 2020 11:44:01 PM EDT
Pinging Youtube.com
0
Pinging Google.com
0
Pinging 83.79.9.3
0
Ping has completed
Youtube.com is up
Google.com is up
83.79.9.3 is up
Ping has started
Mon 23 Mar 2020 11:45:01 PM EDT
Pinging Youtube.com
0
Pinging Google.com
0
Pinging 83.79.9.3
0
Ping has completed
Youtube.com is up
Google.com is up
83.79.9.3 is up
Ping has started
Mon 23 Mar 2020 11:46:01 PM EDT
Pinging Youtube.com
0
Pinging Google.com
0
Pinging 83.79.9.3
0
Ping has completed
Youtube.com is up
Google.com is up
83.79.9.3 is up
Ping has started
Mon 23 Mar 2020 11:47:01 PM EDT
Pinging Youtube.com
0
Pinging Google.com
0
Pinging 83.79.9.3
0
Ping has completed
Youtube.com is up
Google.com is up
83.79.9.3 is up
Ping has started
Mon 23 Mar 2020 11:48:01 PM EDT
Pinging Youtube.com
0
Pinging Google.com
0
Pinging 83.79.9.3
0
Ping has completed
Youtube.com is up
Google.com is up
83.79.9.3 is up
Ping has started
Mon 23 Mar 2020 11:49:01 PM EDT
Pinging Youtube.com
0
Pinging Google.com
0
Pinging 83.79.9.3
0
Ping has completed
Youtube.com is up
Google.com is up
83.79.9.3 is up
Ping has started
Mon 23 Mar 2020 11:50:01 PM EDT
Pinging Youtube.com
0
Pinging Google.com
0
Pinging 83.79.9.3
0
Ping has completed
Youtube.com is up
Google.com is up
83.79.9.3 is up
Ping has started
Mon 23 Mar 2020 11:51:01 PM EDT
Pinging Youtube.com
0
Pinging Google.com
0
Pinging 83.79.9.3
0
Ping has completed
Youtube.com is up
Google.com is up
83.79.9.3 is up
Ping has started
Mon 23 Mar 2020 11:52:01 PM EDT
Pinging Youtube.com
0
Pinging Google.com
0
Pinging 83.79.9.3
0
Ping has completed
Youtube.com is up
Google.com is up
83.79.9.3 is up
Ping has started
Mon 23 Mar 2020 11:53:01 PM EDT
Pinging Youtube.com
0
Pinging Google.com
0
Pinging 83.79.9.3
0
Ping has completed
Youtube.com is up
Google.com is up
83.79.9.3 is up
Ping has started
Mon 23 Mar 2020 11:54:01 PM EDT
Pinging Youtube.com
0
Pinging Google.com
0
Pinging 83.79.9.3
0
Ping has completed
Ping has started
Mon 23 Mar 2020 11:55:01 PM EDT
Pinging Youtube.com
0
Pinging Google.com
0
Pinging 83.79.9.3
0
Ping has completed
Ping has started
Mon 23 Mar 2020 11:56:01 PM EDT
Pinging Youtube.com
0
Pinging Google.com
0
Pinging 83.79.9.3
0
Ping has completed
Ping has started
Mon 23 Mar 2020 11:57:01 PM EDT
Pinging Youtube.com
0
Pinging Google.com
0
Pinging 83.79.9.3
0
Ping has completed
Ping has started
Mon 23 Mar 2020 11:58:01 PM EDT
Pinging Youtube.com
33.3333
Pinging Google.com
0
Pinging 83.79.9.3
0
Ping has completed
Google.com is up
83.79.9.3 is up
Ping has started
Mon 23 Mar 2020 11:59:01 PM EDT
Pinging Youtube.com
0
Pinging Google.com
0
Pinging 83.79.9.3
0
Ping has completed
Youtube.com is up
Google.com is up
83.79.9.3 is up
Ping has started
Tue 24 Mar 2020 12:00:01 AM EDT
Pinging Youtube.com
0
Pinging Google.com
0
Pinging 83.79.9.3
0
Ping has completed
Youtube.com is up
Google.com is up
83.79.9.3 is up
Ping has started
Tue 24 Mar 2020 12:01:01 AM EDT
Pinging Youtube.com
0
Pinging Google.com
0
Pinging 83.79.9.3
0
Ping has completed
Youtube.com is up
Google.com is up
83.79.9.3 is up
Ping has started
Tue 24 Mar 2020 12:02:01 AM EDT
Pinging Youtube.com
0
Pinging Google.com
0
Pinging 83.79.9.3
0
Ping has completed
Youtube.com is up
Google.com is up
83.79.9.3 is up
Ping has started
Tue 24 Mar 2020 12:03:01 AM EDT
Pinging Youtube.com
0
Pinging Google.com
0
Pinging 83.79.9.3
0
Ping has completed
Youtube.com is up
Google.com is up
83.79.9.3 is up
Ping has started
Tue 24 Mar 2020 12:04:01 AM EDT
Pinging Youtube.com
0
Pinging Google.com
0
Pinging 83.79.9.3
0
Ping has completed
Youtube.com is up
Google.com is up
83.79.9.3 is up
Ping has started
Tue 24 Mar 2020 12:05:01 AM EDT
Pinging Youtube.com
0
Pinging Google.com
0
Pinging 83.79.9.3
0
Ping has completed
Youtube.com is up
Google.com is up
83.79.9.3 is up
Ping has started
Tue 24 Mar 2020 12:06:01 AM EDT
Pinging Youtube.com
0
Pinging Google.com
0
Pinging 83.79.9.3
33.3333
Ping has completed
Youtube.com is up
Google.com is up
83.79.9.3 is down
Ping has started
Tue 24 Mar 2020 09:57:24 AM EDT
Pinging Youtube.com
0
Pinging Google.com
0
Pinging 83.79.9.3
0
Ping has completed
Youtube.com is up
Google.com is up
83.79.9.3 is up
Ping has started
Tue 24 Mar 2020 09:58:01 AM EDT
Pinging Youtube.com
0
Pinging Google.com
0
Pinging 83.79.9.3
0
Ping has completed
Youtube.com is up
Google.com is up
83.79.9.3 is up
Ping has started
Tue 24 Mar 2020 09:59:01 AM EDT
Pinging Youtube.com
0
Pinging Google.com
0
Pinging 83.79.9.3
0
Ping has completed
Youtube.com is up
Google.com is up
83.79.9.3 is up
Ping has started
Tue 24 Mar 2020 10:00:01 AM EDT
Pinging Youtube.com
0
Pinging Google.com
0
Pinging 83.79.9.3
0
Ping has completed
Youtube.com is up
Google.com is up
83.79.9.3 is up
Ping has started
Tue 24 Mar 2020 10:01:01 AM EDT
Pinging Youtube.com
0
Pinging Google.com
0
Pinging 83.79.9.3
0
Ping has completed
Youtube.com is up
Google.com is up
83.79.9.3 is up
Ping has started
Tue 24 Mar 2020 10:02:01 AM EDT
Pinging Youtube.com
0
Pinging Google.com
0
Pinging 83.79.9.3
0
Ping has completed
Youtube.com is up
Google.com is up
83.79.9.3 is up
Ping has started
Tue 24 Mar 2020 10:03:01 AM EDT
Pinging Youtube.com
0
Pinging Google.com
0
Pinging 83.79.9.3
0
Ping has completed
Youtube.com is up
Google.com is up
83.79.9.3 is up
Ping has started
Tue 24 Mar 2020 10:04:01 AM EDT
Pinging Youtube.com
0
Pinging Google.com
0
Pinging 83.79.9.3
0
Ping has completed
Youtube.com is up
Google.com is up
83.79.9.3 is up
Ping has started
Tue 24 Mar 2020 10:05:01 AM EDT
Pinging Youtube.com
0
Pinging Google.com
0
Pinging 83.79.9.3
0
Ping has completed
Youtube.com is up
Google.com is up
83.79.9.3 is up
Ping has started
Tue 24 Mar 2020 10:06:01 AM EDT
Pinging Youtube.com
0
Pinging Google.com
0
Pinging 83.79.9.3
0
Ping has completed
Youtube.com is up
Google.com is up
83.79.9.3 is up
Ping has started
Tue 24 Mar 2020 10:07:01 AM EDT
Pinging Youtube.com
0
Pinging Google.com
0
Pinging 83.79.9.3
0
Ping has completed
Youtube.com is up
Google.com is up
83.79.9.3 is up
Ping has started
Tue 24 Mar 2020 10:08:01 AM EDT
Pinging Youtube.com
0
Pinging Google.com
0
Pinging 83.79.9.3
0
Ping has completed
Youtube.com is up
Google.com is up
83.79.9.3 is up
Ping has started
Tue 24 Mar 2020 10:09:01 AM EDT
Pinging Youtube.com
0
Pinging Google.com
0
Pinging 83.79.9.3
0
Ping has completed
Youtube.com is up
Google.com is up
83.79.9.3 is up
Ping has started
Tue 24 Mar 2020 10:10:01 AM EDT
Pinging Youtube.com
0
Pinging Google.com
0
Pinging 83.79.9.3
0
Ping has completed
Youtube.com is up
Google.com is up
83.79.9.3 is up
Ping has started
Tue 24 Mar 2020 10:11:01 AM EDT
Pinging Youtube.com
0
Pinging Google.com
0
Pinging 83.79.9.3
0
Ping has completed
Youtube.com is up
Google.com is up
83.79.9.3 is up
Ping has started
Tue 24 Mar 2020 10:12:01 AM EDT
Pinging Youtube.com
0
Pinging Google.com
0
Pinging 83.79.9.3
0
Ping has completed
Youtube.com is up
Google.com is up
83.79.9.3 is up
Ping has started
Tue 24 Mar 2020 10:13:01 AM EDT
Pinging Youtube.com
0
Pinging Google.com
0
Pinging 83.79.9.3
0
Ping has completed
Youtube.com is up
Google.com is up
83.79.9.3 is up
Ping has started
Tue 24 Mar 2020 10:14:01 AM EDT
Pinging Youtube.com
0
Pinging Google.com
0
Pinging 83.79.9.3
0
Ping has completed
Youtube.com is up
Google.com is up
83.79.9.3 is up
Ping has started
Tue 24 Mar 2020 10:15:01 AM EDT
Pinging Youtube.com
0
Pinging Google.com
0
Pinging 83.79.9.3
0
Ping has completed
Youtube.com is up
Google.com is up
83.79.9.3 is up
Ping has started
Tue 24 Mar 2020 10:16:01 AM EDT
Pinging Youtube.com
0
Pinging Google.com
0
Pinging 83.79.9.3
0
Ping has completed
Youtube.com is up
Google.com is up
83.79.9.3 is up
Ping has started
Tue 24 Mar 2020 10:17:01 AM EDT
Pinging Youtube.com
0
Pinging Google.com
0
Pinging 83.79.9.3
0
Ping has completed
Youtube.com is up
Google.com is up
83.79.9.3 is up
Ping has started
Tue 24 Mar 2020 10:18:01 AM EDT
Pinging Youtube.com
0
Pinging Google.com
0
Pinging 83.79.9.3
0
Ping has completed
Youtube.com is up
Google.com is up
83.79.9.3 is up
Ping has started
Tue 24 Mar 2020 10:19:01 AM EDT
Pinging Youtube.com
0
Pinging Google.com
0
Pinging 83.79.9.3
0
Ping has completed
Youtube.com is up
Google.com is up
83.79.9.3 is up
Ping has started
Tue 24 Mar 2020 10:20:01 AM EDT
Pinging Youtube.com
0
Pinging Google.com
0
Pinging 83.79.9.3
0
Ping has completed
Youtube.com is up
Google.com is up
83.79.9.3 is up
Ping has started
Tue 24 Mar 2020 10:21:01 AM EDT
Pinging Youtube.com
0
Pinging Google.com
0
Pinging 83.79.9.3
33.3333
Ping has completed
Youtube.com is up
Google.com is up
83.79.9.3 is down
Ping has started
Tue 24 Mar 2020 10:22:01 AM EDT
Pinging Youtube.com
0
Pinging Google.com
0
Pinging 83.79.9.3
0
Ping has completed
Youtube.com is up
Google.com is up
83.79.9.3 is up
Ping has started
Tue 24 Mar 2020 10:23:01 AM EDT
Pinging Youtube.com
0 pipe 3
Pinging Google.com
0
Pinging 83.79.9.3
0
Ping has completed
Google.com is up
83.79.9.3 is up
Ping has started
Tue 24 Mar 2020 10:24:01 AM EDT
Pinging Youtube.com
33.3333
Pinging Google.com
0
Pinging 83.79.9.3
0
Ping has completed
Google.com is up
83.79.9.3 is up
Ping has started
Tue 24 Mar 2020 10:25:01 AM EDT
Pinging Youtube.com
0
Pinging Google.com
0
Pinging 83.79.9.3
0
Ping has completed
Youtube.com is up
Google.com is up
83.79.9.3 is up
Ping has started
Tue 24 Mar 2020 10:26:01 AM EDT
Pinging Youtube.com
0
Pinging Google.com
0
Pinging 83.79.9.3
0
Ping has completed
Youtube.com is up
Google.com is up
83.79.9.3 is up
Ping has started
Tue 24 Mar 2020 10:27:01 AM EDT
Pinging Youtube.com
0
Pinging Google.com
0
Pinging 83.79.9.3
0
Ping has completed
Youtube.com is up
Google.com is up
83.79.9.3 is up
Ping has started
Tue 24 Mar 2020 10:28:01 AM EDT
Pinging Youtube.com
0
Pinging Google.com
0
Pinging 83.79.9.3
0
Ping has completed
Youtube.com is up
Google.com is up
83.79.9.3 is up
Ping has started
Tue 24 Mar 2020 10:29:01 AM EDT
Pinging Youtube.com
0
Pinging Google.com
0
Pinging 83.79.9.3
0
Ping has completed
Youtube.com is up
Google.com is up
83.79.9.3 is up
Ping has started
Tue 24 Mar 2020 10:30:01 AM EDT
Pinging Youtube.com
0
Pinging Google.com
0
Pinging 83.79.9.3
0
Ping has completed
Youtube.com is up
Google.com is up
83.79.9.3 is up
Ping has started
Tue 24 Mar 2020 10:31:01 AM EDT
Pinging Youtube.com
0
Pinging Google.com
0
Pinging 83.79.9.3
0
Ping has completed
Youtube.com is up
Google.com is up
83.79.9.3 is up
Ping has started
Tue 24 Mar 2020 10:32:01 AM EDT
Pinging Youtube.com
0
Pinging Google.com
0
Pinging 83.79.9.3
0
Ping has completed
Youtube.com is up
Google.com is up
83.79.9.3 is up
Ping has started
Tue 24 Mar 2020 10:33:01 AM EDT
Pinging Youtube.com
0
Pinging Google.com
0
Pinging 83.79.9.3
0
Ping has completed
Youtube.com is up
Google.com is up
83.79.9.3 is up
Ping has started
Tue 24 Mar 2020 10:34:01 AM EDT
Pinging Youtube.com
0
Pinging Google.com
0
Pinging 83.79.9.3
0
Ping has completed
Youtube.com is up
Google.com is up
83.79.9.3 is up
Ping has started
Tue 24 Mar 2020 10:35:01 AM EDT
Pinging Youtube.com
0
Pinging Google.com
0
Pinging 83.79.9.3
0
Ping has completed
Youtube.com is up
Google.com is up
83.79.9.3 is up
Ping has started
Tue 24 Mar 2020 10:36:01 AM EDT
Pinging Youtube.com
0
Pinging Google.com
0
Pinging 83.79.9.3
0
Ping has completed
Youtube.com is up
Google.com is up
83.79.9.3 is up
Ping has started
Tue 24 Mar 2020 10:37:01 AM EDT
Pinging Youtube.com
0
Pinging Google.com
0
Pinging 83.79.9.3
0
Ping has completed
Youtube.com is up
Google.com is up
83.79.9.3 is up
Ping has started
Tue 24 Mar 2020 10:38:01 AM EDT
Pinging Youtube.com
0
Pinging Google.com
0
Pinging 83.79.9.3
0
Ping has completed
Youtube.com is up
Google.com is up
83.79.9.3 is up
Ping has started
Tue 24 Mar 2020 10:39:02 AM EDT
Pinging Youtube.com
0
Pinging Google.com
0
Pinging 83.79.9.3
0
Ping has completed
Youtube.com is up
Google.com is up
83.79.9.3 is up
Ping has started
Tue 24 Mar 2020 10:40:01 AM EDT
Pinging Youtube.com
0
Pinging Google.com
0
Pinging 83.79.9.3
0
Ping has completed
Youtube.com is up
Google.com is up
83.79.9.3 is up
Ping has started
Tue 24 Mar 2020 10:41:01 AM EDT
Pinging Youtube.com
0
Pinging Google.com
0
Pinging 83.79.9.3
0
Ping has completed
Youtube.com is up
Google.com is up
83.79.9.3 is up
Ping has started
Tue 24 Mar 2020 10:42:01 AM EDT
Pinging Youtube.com
0
Pinging Google.com
0
Pinging 83.79.9.3
0
Ping has completed
Youtube.com is up
Google.com is up
83.79.9.3 is up
Ping has started
Tue 24 Mar 2020 10:43:01 AM EDT
Pinging Youtube.com
0
Pinging Google.com
0
Pinging 83.79.9.3
0
Ping has completed
Youtube.com is up
Google.com is up
83.79.9.3 is up
Ping has started
Tue 24 Mar 2020 10:44:01 AM EDT
Pinging Youtube.com
0
Pinging Google.com
0
Pinging 83.79.9.3
0
Ping has completed
Youtube.com is up
Google.com is up
83.79.9.3 is up
Ping has started
Tue 24 Mar 2020 10:45:01 AM EDT
Pinging Youtube.com
0
Pinging Google.com
0
Pinging 83.79.9.3
0
Ping has completed
Youtube.com is up
Google.com is up
83.79.9.3 is up
Ping has started
Tue 24 Mar 2020 10:46:01 AM EDT
Pinging Youtube.com
0
Pinging Google.com
0
Pinging 83.79.9.3
0
Ping has completed
Youtube.com is up
Google.com is up
83.79.9.3 is up
Ping has started
Tue 24 Mar 2020 10:47:01 AM EDT
Pinging Youtube.com
0
Pinging Google.com
0
Pinging 83.79.9.3
0
Ping has completed
Youtube.com is up
Google.com is up
83.79.9.3 is up
Ping has started
Tue 24 Mar 2020 10:48:01 AM EDT
Pinging Youtube.com
0
Pinging Google.com
0
Pinging 83.79.9.3
0
Ping has completed
Youtube.com is up
Google.com is up
83.79.9.3 is up
Ping has started
Tue 24 Mar 2020 10:49:01 AM EDT
Pinging Youtube.com
0
Pinging Google.com
0
Pinging 83.79.9.3
0
Ping has completed
Youtube.com is up
Google.com is up
83.79.9.3 is up
Ping has started
Tue 24 Mar 2020 10:50:01 AM EDT
Pinging Youtube.com
0
Pinging Google.com
0
Pinging 83.79.9.3
0
Ping has completed
Youtube.com is up
Google.com is up
83.79.9.3 is up
Ping has started
Tue 24 Mar 2020 10:51:01 AM EDT
Pinging Youtube.com
0
Pinging Google.com
0
Pinging 83.79.9.3
0
Ping has completed
Youtube.com is up
Google.com is up
83.79.9.3 is up
Ping has started
Tue 24 Mar 2020 10:52:01 AM EDT
Pinging Youtube.com
0
Pinging Google.com
0
Pinging 83.79.9.3
0
Ping has completed
Youtube.com is up
Google.com is up
83.79.9.3 is up
Ping has started
Tue 24 Mar 2020 10:53:01 AM EDT
Pinging Youtube.com
0
Pinging Google.com
0
Pinging 83.79.9.3
0
Ping has completed
Youtube.com is up
Google.com is up
83.79.9.3 is up
Ping has started
Tue 24 Mar 2020 10:54:01 AM EDT
Pinging Youtube.com
0
Pinging Google.com
0
Pinging 83.79.9.3
0
Ping has completed
Youtube.com is up
Google.com is up
83.79.9.3 is up
Ping has started
Tue 24 Mar 2020 10:55:01 AM EDT
Pinging Youtube.com
33.3333
Pinging Google.com
0
Pinging 83.79.9.3
0 pipe 2
Ping has completed
Google.com is up
83.79.9.3 is down
Ping has started
Tue 24 Mar 2020 10:56:01 AM EDT
Pinging Youtube.com
0
Pinging Google.com
0
Pinging 83.79.9.3
0
Ping has completed
Youtube.com is up
Google.com is up
83.79.9.3 is up
Ping has started
Tue 24 Mar 2020 10:57:01 AM EDT
Pinging Youtube.com
0
Pinging Google.com
0
Pinging 83.79.9.3
0
Ping has completed
Youtube.com is up
Google.com is up
83.79.9.3 is up
Ping has started
Tue 24 Mar 2020 10:58:02 AM EDT
Pinging Youtube.com
0
Pinging Google.com
0
Pinging 83.79.9.3
0
Ping has completed
Youtube.com is up
Google.com is up
83.79.9.3 is up
Ping has started
Tue 24 Mar 2020 10:59:01 AM EDT
Pinging Youtube.com
0
Pinging Google.com
0
Pinging 83.79.9.3
0
Ping has completed
Youtube.com is up
Google.com is up
83.79.9.3 is up
Ping has started
Tue 24 Mar 2020 11:00:01 AM EDT
Pinging Youtube.com
0
Pinging Google.com
0
Pinging 83.79.9.3
0
Ping has completed
Youtube.com is up
Google.com is up
83.79.9.3 is up
Ping has started
Tue 24 Mar 2020 11:01:01 AM EDT
Pinging Youtube.com
0
Pinging Google.com
0
Pinging 83.79.9.3
0
Ping has completed
Youtube.com is up
Google.com is up
83.79.9.3 is up
Ping has started
Tue 24 Mar 2020 11:02:01 AM EDT
Pinging Youtube.com
0
Pinging Google.com
0
Pinging 83.79.9.3
0
Ping has completed
Youtube.com is up
Google.com is up
83.79.9.3 is up
Ping has started
Tue 24 Mar 2020 11:03:01 AM EDT
Pinging Youtube.com
0
Pinging Google.com
0
Pinging 83.79.9.3
0
Ping has completed
Youtube.com is up
Google.com is up
83.79.9.3 is up
Ping has started
Tue 24 Mar 2020 11:04:01 AM EDT
Pinging Youtube.com
0 pipe 2
Pinging Google.com
0
Pinging 83.79.9.3
0
Ping has completed
Google.com is up
83.79.9.3 is up
Ping has started
Tue 24 Mar 2020 11:05:01 AM EDT
Pinging Youtube.com
0
Pinging Google.com
0
Pinging 83.79.9.3
0
Ping has completed
Youtube.com is up
Google.com is up
83.79.9.3 is up
Ping has started
Tue 24 Mar 2020 11:06:01 AM EDT
Pinging Youtube.com
0
Pinging Google.com
0
Pinging 83.79.9.3
0
Ping has completed
Youtube.com is up
Google.com is up
83.79.9.3 is up
Ping has started
Tue 24 Mar 2020 11:07:01 AM EDT
Pinging Youtube.com
0
Pinging Google.com
0
Pinging 83.79.9.3
0
Ping has completed
Youtube.com is up
Google.com is up
83.79.9.3 is up
Ping has started
Tue 24 Mar 2020 11:08:01 AM EDT
Pinging Youtube.com
0
Pinging Google.com
0
Pinging 83.79.9.3
66.6667
Ping has completed
Youtube.com is up
Google.com is up
83.79.9.3 is down
Ping has started
Tue 24 Mar 2020 11:09:01 AM EDT
Pinging Youtube.com
0
Pinging Google.com
0
Pinging 83.79.9.3
0
Ping has completed
Youtube.com is up
Google.com is up
83.79.9.3 is up
Ping has started
Tue 24 Mar 2020 11:10:01 AM EDT
Pinging Youtube.com
0
Pinging Google.com
0
Pinging 83.79.9.3
0
Ping has completed
Youtube.com is up
Google.com is up
83.79.9.3 is up
Ping has started
Tue 24 Mar 2020 11:11:01 AM EDT
Pinging Youtube.com
0
Pinging Google.com
0
Pinging 83.79.9.3
0
Ping has completed
Youtube.com is up
Google.com is up
83.79.9.3 is up
Ping has started
Tue 24 Mar 2020 11:12:01 AM EDT
Pinging Youtube.com
0
Pinging Google.com
0
Pinging 83.79.9.3
0
Ping has completed
Youtube.com is up
Google.com is up
83.79.9.3 is up
Ping has started
Tue 24 Mar 2020 11:13:01 AM EDT
Pinging Youtube.com
0
Pinging Google.com
33.3333
Pinging 83.79.9.3
0 pipe 3
Ping has completed
Youtube.com is up
83.79.9.3 is down
Ping has started
Tue 24 Mar 2020 11:14:01 AM EDT
Pinging Youtube.com
0
Pinging Google.com
0
Pinging 83.79.9.3
0
Ping has completed
Youtube.com is up
Google.com is up
83.79.9.3 is up
Ping has started
Tue 24 Mar 2020 11:15:01 AM EDT
Pinging Youtube.com
0
Pinging Google.com
0
Pinging 83.79.9.3
0
Ping has completed
Youtube.com is up
Google.com is up
83.79.9.3 is up
Ping has started
Tue 24 Mar 2020 11:16:01 AM EDT
Pinging Youtube.com
0
Pinging Google.com
0
Pinging 83.79.9.3
0
Ping has completed
Youtube.com is up
Google.com is up
83.79.9.3 is up
Ping has started
Tue 24 Mar 2020 11:17:01 AM EDT
Pinging Youtube.com
0
Pinging Google.com
0
Pinging 83.79.9.3
0
Ping has completed
Google.com is up
83.79.9.3 is up
Ping has started
Tue 24 Mar 2020 11:18:01 AM EDT
Pinging Youtube.com
0
Pinging Google.com
0
Pinging 83.79.9.3
0
Ping has completed
Google.com is up
83.79.9.3 is up
Ping has started
Tue 24 Mar 2020 11:19:01 AM EDT
Pinging Youtube.com
0
Pinging Google.com
0
Pinging 83.79.9.3
0
Ping has completed
Google.com is up
83.79.9.3 is up
Ping has started
Tue 24 Mar 2020 11:20:01 AM EDT
Pinging Youtube.com
0
Pinging Google.com
0
Pinging 83.79.9.3
0
Ping has completed
Google.com is up
83.79.9.3 is up
Ping has started
Tue 24 Mar 2020 11:21:01 AM EDT
Pinging Youtube.com
0
Pinging Google.com
0
Pinging 83.79.9.3
0
Ping has completed
Google.com is up
83.79.9.3 is up
Ping has started
Tue 24 Mar 2020 11:22:01 AM EDT
Pinging Youtube.com
0
Pinging Google.com
0
Pinging 83.79.9.3
0
Ping has completed
Google.com is up
83.79.9.3 is up
Ping has started
Tue 24 Mar 2020 11:23:01 AM EDT
Pinging Youtube.com
0
Pinging Google.com
0
Pinging 83.79.9.3
0
Ping has completed
Google.com is up
83.79.9.3 is up
Ping has started
Tue 24 Mar 2020 11:24:01 AM EDT
Pinging Youtube.com
0
Pinging Google.com
0
Pinging 83.79.9.3
0
Ping has completed
Google.com is up
83.79.9.3 is up
Ping has started
Tue 24 Mar 2020 11:25:01 AM EDT
Pinging Youtube.com
0
Pinging Google.com
0
Pinging 83.79.9.3
0
Ping has completed
Google.com is up
83.79.9.3 is up
Ping has started
Tue 24 Mar 2020 11:26:01 AM EDT
Pinging Youtube.com
0
Pinging Google.com
0
Pinging 83.79.9.3
0
Ping has completed
Google.com is up
83.79.9.3 is up
Ping has started
Tue 24 Mar 2020 11:27:01 AM EDT
Pinging Youtube.com
0
Pinging Google.com
0
Pinging 83.79.9.3
0
Ping has completed
Google.com is up
83.79.9.3 is up
Ping has started
Tue 24 Mar 2020 11:28:01 AM EDT
Pinging Youtube.com
0
Pinging Google.com
0
Pinging 83.79.9.3
0
Ping has completed
Google.com is up
83.79.9.3 is up
Ping has started
Tue 24 Mar 2020 11:29:01 AM EDT
Pinging Youtube.com
0
Pinging Google.com
0
Pinging 83.79.9.3
0
Ping has completed
Youtube.com is up
Google.com is up
83.79.9.3 is up
Ping has started
Tue 24 Mar 2020 11:31:01 AM EDT
Pinging Youtube.com
0
Pinging Google.com
0
Pinging 83.79.9.3
0
Ping has completed
Youtube.com is up
Google.com is up
83.79.9.3 is up
Ping has started
Tue 24 Mar 2020 11:32:01 AM EDT
Pinging Youtube.com
0
Pinging Google.com
0
Pinging 83.79.9.3
0
Ping has completed
Youtube.com is up
Google.com is up
83.79.9.3 is up
Ping has started
Tue 24 Mar 2020 11:33:01 AM EDT
Pinging Youtube.com
0
Pinging Google.com
0
Pinging 83.79.9.3
0
Ping has completed
Youtube.com is up
Google.com is up
83.79.9.3 is up
Ping has started
Tue 24 Mar 2020 11:34:01 AM EDT
Pinging Youtube.com
0
Pinging Google.com
0
Pinging 83.79.9.3
0
Ping has completed
Youtube.com is up
Google.com is up
83.79.9.3 is up
Ping has started
Tue 24 Mar 2020 11:35:02 AM EDT
Pinging Youtube.com
0
Pinging Google.com
0
Pinging 83.79.9.3
0
Ping has completed
Youtube.com is up
Google.com is up
83.79.9.3 is up
Ping has started
Tue 24 Mar 2020 11:36:01 AM EDT
Pinging Youtube.com
0
Pinging Google.com
0
Pinging 83.79.9.3
0
Ping has completed
Youtube.com is up
Google.com is up
83.79.9.3 is up
Ping has started
Tue 24 Mar 2020 11:37:01 AM EDT
Pinging Youtube.com
0
Pinging Google.com
0
Pinging 83.79.9.3
0
Ping has completed
Youtube.com is up
Google.com is up
83.79.9.3 is up
Ping has started
Tue 24 Mar 2020 11:38:01 AM EDT
Pinging Youtube.com
0
Pinging Google.com
0
Pinging 83.79.9.3
0
Ping has completed
Youtube.com is up
Google.com is up
83.79.9.3 is up
Ping has started
Tue 24 Mar 2020 11:39:01 AM EDT
Pinging Youtube.com
0
Pinging Google.com
0
Pinging 83.79.9.3
0
Ping has completed
Youtube.com is up
Google.com is up
83.79.9.3 is up
Ping has started
Tue 24 Mar 2020 11:40:01 AM EDT
Pinging Youtube.com
0
Pinging Google.com
0
Pinging 83.79.9.3
66.6667
Ping has completed
Youtube.com is up
Google.com is up
Ping has started
Tue 24 Mar 2020 11:43:51 AM EDT
Pinging Youtube.com
0
Pinging Google.com
0
Pinging 83.79.9.3
0
Ping has completed
Youtube.com is up
Google.com is up
83.79.9.3 is up
Ping has started
Tue 24 Mar 2020 11:43:57 AM EDT
Pinging Youtube.com
Ping has started
Tue 24 Mar 2020 11:43:57 AM EDT
Pinging Youtube.com
0
Pinging Google.com
0
Pinging Google.com
Ping has started
Tue 24 Mar 2020 11:44:01 AM EDT
Pinging Youtube.com
0
Pinging 83.79.9.3
0
Pinging 83.79.9.3
0
Pinging Google.com
0
Ping has completed
Youtube.com is up
Google.com is up
83.79.9.3 is up
0
Ping has completed
Youtube.com is up
Google.com is up
83.79.9.3 is up
0
Pinging 83.79.9.3
0
Ping has completed
Youtube.com is up
Google.com is up
83.79.9.3 is up
Ping has started
Tue 24 Mar 2020 11:45:01 AM EDT
Pinging Youtube.com
0
Pinging Google.com
0
Pinging 83.79.9.3
0
Ping has completed
Youtube.com is up
Google.com is up
83.79.9.3 is up
Ping has started
Tue 24 Mar 2020 11:46:01 AM EDT
Pinging Youtube.com
0
Pinging Google.com
0
Pinging 83.79.9.3
0
Ping has completed
Youtube.com is up
Google.com is up
83.79.9.3 is up
Ping has started
Tue 24 Mar 2020 11:47:01 AM EDT
Pinging Youtube.com
0
Pinging Google.com
33.3333
Pinging 83.79.9.3
0
Ping has completed
Youtube.com is up
83.79.9.3 is up
Ping has started
Tue 24 Mar 2020 11:48:01 AM EDT
Pinging Youtube.com
0
Pinging Google.com
0
Pinging 83.79.9.3
0
Ping has completed
Youtube.com is up
Google.com is up
83.79.9.3 is up
Ping has started
Tue 24 Mar 2020 11:49:01 AM EDT
Pinging Youtube.com
0
Pinging Google.com
0
Pinging 83.79.9.3
0
Ping has completed
Youtube.com is up
Google.com is up
83.79.9.3 is up
Ping has started
Tue 24 Mar 2020 11:50:01 AM EDT
Pinging Youtube.com
0
Pinging Google.com
0
Pinging 83.79.9.3
0
Ping has completed
Youtube.com is up
Google.com is up
83.79.9.3 is up
Ping has started
Tue 24 Mar 2020 11:51:01 AM EDT
Pinging Youtube.com
0
Pinging Google.com
0
Pinging 83.79.9.3
0
Ping has completed
Youtube.com is up
Google.com is up
83.79.9.3 is up
Ping has started
Tue 24 Mar 2020 11:52:01 AM EDT
Pinging Youtube.com
0
Pinging Google.com
0
Pinging 83.79.9.3
0
Ping has completed
Youtube.com is up
Google.com is up
83.79.9.3 is up
Ping has started
Thu 26 Mar 2020 10:13:37 AM EDT
Pinging Youtube.com
0
Pinging Google.com
0
Pinging 83.79.9.3
0
Ping has completed
Youtube.com is up
Google.com is up
83.79.9.3 is up
Ping has started
Thu 26 Mar 2020 10:14:01 AM EDT
Pinging Youtube.com
0
Pinging Google.com
0
Pinging 83.79.9.3
33.3333
Ping has completed
Youtube.com is up
Google.com is up
Ping has started
Thu 26 Mar 2020 10:15:01 AM EDT
Pinging Youtube.com
0
Pinging Google.com
0
Pinging 83.79.9.3
0
Ping has completed
Youtube.com is up
Google.com is up
83.79.9.3 is up
Ping has started
Thu 26 Mar 2020 10:16:01 AM EDT
Pinging Youtube.com
0
Pinging Google.com
0
Pinging 83.79.9.3
0
Ping has completed
Youtube.com is up
Google.com is up
83.79.9.3 is up
Ping has started
Thu 26 Mar 2020 10:17:01 AM EDT
Pinging Youtube.com
0
Pinging Google.com
0
Pinging 83.79.9.3
0
Ping has completed
Youtube.com is up
Google.com is up
83.79.9.3 is up
Ping has started
Thu 26 Mar 2020 10:18:01 AM EDT
Pinging Youtube.com
0
Pinging Google.com
0
Pinging 83.79.9.3
0
Ping has completed
Youtube.com is up
Google.com is up
83.79.9.3 is up
Ping has started
Thu 26 Mar 2020 10:19:01 AM EDT
Pinging Youtube.com
0
Pinging Google.com
0
Pinging 83.79.9.3
0
Ping has completed
Youtube.com is up
Google.com is up
83.79.9.3 is up
Ping has started
Thu 26 Mar 2020 10:20:01 AM EDT
Pinging Youtube.com
0
Pinging Google.com
0
Pinging 83.79.9.3
0
Ping has completed
Youtube.com is up
Google.com is up
83.79.9.3 is up
Ping has started
Thu 26 Mar 2020 10:21:01 AM EDT
Pinging Youtube.com
0
Pinging Google.com
0
Pinging 83.79.9.3
0
Ping has completed
Youtube.com is up
Google.com is up
83.79.9.3 is up
Ping has started
Thu 26 Mar 2020 10:22:02 AM EDT
Pinging Youtube.com
0
Pinging Google.com
0
Pinging 83.79.9.3
0
Ping has completed
Youtube.com is up
Google.com is up
83.79.9.3 is up
Ping has started
Thu 26 Mar 2020 10:23:01 AM EDT
Pinging Youtube.com
0
Pinging Google.com
0
Pinging 83.79.9.3
0
Ping has completed
Youtube.com is up
Google.com is up
83.79.9.3 is up
Ping has started
Thu 26 Mar 2020 10:24:01 AM EDT
Pinging Youtube.com
0
Pinging Google.com
0
Pinging 83.79.9.3
0
Ping has completed
Youtube.com is up
Google.com is up
83.79.9.3 is up
Ping has started
Thu 26 Mar 2020 10:25:01 AM EDT
Pinging Youtube.com
0
Pinging Google.com
0
Pinging 83.79.9.3
33.3333
Ping has completed
Youtube.com is up
Google.com is up
Ping has started
Thu 26 Mar 2020 10:26:01 AM EDT
Pinging Youtube.com
0
Pinging Google.com
0
Pinging 83.79.9.3
0
Ping has completed
Youtube.com is up
Google.com is up
83.79.9.3 is up
Ping has started
Thu 26 Mar 2020 10:27:01 AM EDT
Pinging Youtube.com
0
Pinging Google.com
0
Pinging 83.79.9.3
0
Ping has completed
Youtube.com is up
Google.com is up
83.79.9.3 is up
Ping has started
Thu 26 Mar 2020 10:28:01 AM EDT
Pinging Youtube.com
0
Pinging Google.com
0
Pinging 83.79.9.3
0
Ping has completed
Youtube.com is up
Google.com is up
83.79.9.3 is up
Ping has started
Thu 26 Mar 2020 10:29:01 AM EDT
Pinging Youtube.com
0
Pinging Google.com
0
Pinging 83.79.9.3
0
Ping has completed
Youtube.com is up
Google.com is up
83.79.9.3 is up
Ping has started
Thu 26 Mar 2020 10:30:01 AM EDT
Pinging Youtube.com
0
Pinging Google.com
0
Pinging 83.79.9.3
0
Ping has completed
Youtube.com is up
Google.com is up
83.79.9.3 is up
Ping has started
Thu 26 Mar 2020 10:31:01 AM EDT
Pinging Youtube.com
0
Pinging Google.com
0
Pinging 83.79.9.3
0
Ping has completed
Youtube.com is up
Google.com is up
83.79.9.3 is up
Ping has started
Thu 26 Mar 2020 10:32:01 AM EDT
Pinging Youtube.com
0
Pinging Google.com
0
Pinging 83.79.9.3
0
Ping has completed
Youtube.com is up
Google.com is up
83.79.9.3 is up
Ping has started
Thu 26 Mar 2020 10:33:01 AM EDT
Pinging Youtube.com
0
Pinging Google.com
0
Pinging 83.79.9.3
33.3333
Ping has completed
Youtube.com is up
Google.com is up
Ping has started
Thu 26 Mar 2020 10:34:01 AM EDT
Pinging Youtube.com
0
Pinging Google.com
0
Pinging 83.79.9.3
0
Ping has completed
Youtube.com is up
Google.com is up
83.79.9.3 is up
Ping has started
Thu 26 Mar 2020 10:35:01 AM EDT
Pinging Youtube.com
0
Pinging Google.com
0
Pinging 83.79.9.3
0
Ping has completed
Youtube.com is up
Google.com is up
83.79.9.3 is up
Ping has started
Thu 26 Mar 2020 10:36:01 AM EDT
Pinging Youtube.com
0
Pinging Google.com
0
Pinging 83.79.9.3
33.3333
Ping has completed
Youtube.com is up
Google.com is up
Ping has started
Thu 26 Mar 2020 10:37:01 AM EDT
Pinging Youtube.com
0
Pinging Google.com
0
Pinging 83.79.9.3
0
Ping has completed
Youtube.com is up
Google.com is up
83.79.9.3 is up
Ping has started
Thu 26 Mar 2020 10:38:01 AM EDT
Pinging Youtube.com
0
Pinging Google.com
0
Pinging 83.79.9.3
0
Ping has completed
Youtube.com is up
Google.com is up
83.79.9.3 is up
Ping has started
Thu 26 Mar 2020 10:39:01 AM EDT
Pinging Youtube.com
0
Pinging Google.com
0
Pinging 83.79.9.3
0
Ping has completed
Youtube.com is up
Google.com is up
83.79.9.3 is up
Ping has started
Thu 26 Mar 2020 10:40:01 AM EDT
Pinging Youtube.com
0
Pinging Google.com
0
Pinging 83.79.9.3
33.3333
Ping has completed
Youtube.com is up
Google.com is up
Ping has started
Thu 26 Mar 2020 10:41:01 AM EDT
Pinging Youtube.com
0
Pinging Google.com
0
Pinging 83.79.9.3
0
Ping has completed
Youtube.com is up
Google.com is up
83.79.9.3 is up
Ping has started
Thu 26 Mar 2020 10:42:01 AM EDT
Pinging Youtube.com
0
Pinging Google.com
0
Pinging 83.79.9.3
33.3333
Ping has completed
Youtube.com is up
Google.com is up
Ping has started
Thu 26 Mar 2020 10:43:01 AM EDT
Pinging Youtube.com
0
Pinging Google.com
0
Pinging 83.79.9.3
0
Ping has completed
Youtube.com is up
Google.com is up
83.79.9.3 is up
Ping has started
Thu 26 Mar 2020 10:44:01 AM EDT
Pinging Youtube.com
0
Pinging Google.com
0
Pinging 83.79.9.3
33.3333
Ping has completed
Youtube.com is up
Google.com is up
Ping has started
Thu 26 Mar 2020 10:45:01 AM EDT
Pinging Youtube.com
0
Pinging Google.com
0
Pinging 83.79.9.3
0
Ping has completed
Youtube.com is up
Google.com is up
83.79.9.3 is up
Ping has started
Thu 26 Mar 2020 10:46:01 AM EDT
Pinging Youtube.com
0
Pinging Google.com
0
Pinging 83.79.9.3
33.3333
Ping has completed
Youtube.com is up
Google.com is up
Ping has started
Thu 26 Mar 2020 10:47:01 AM EDT
Pinging Youtube.com
0
Pinging Google.com
0
Pinging 83.79.9.3
33.3333
Ping has completed
Youtube.com is up
Google.com is up
Ping has started
Thu 26 Mar 2020 10:48:01 AM EDT
Pinging Youtube.com
0
Pinging Google.com
0
Pinging 83.79.9.3
0
Ping has completed
Youtube.com is up
Google.com is up
83.79.9.3 is up
Ping has started
Thu 26 Mar 2020 10:49:01 AM EDT
Pinging Youtube.com
0
Pinging Google.com
0
Pinging 83.79.9.3
0
Ping has completed
Youtube.com is up
Google.com is up
83.79.9.3 is up
Ping has started
Thu 26 Mar 2020 10:50:01 AM EDT
Pinging Youtube.com
0
Pinging Google.com
0
Pinging 83.79.9.3
0
Ping has completed
Youtube.com is up
Google.com is up
83.79.9.3 is up
Ping has started
Thu 26 Mar 2020 10:51:01 AM EDT
Pinging Youtube.com
0
Pinging Google.com
0
Pinging 83.79.9.3
33.3333
Ping has completed
Youtube.com is up
Google.com is up
Ping has started
Thu 26 Mar 2020 10:52:01 AM EDT
Pinging Youtube.com
0
Pinging Google.com
0
Pinging 83.79.9.3
0
Ping has completed
Youtube.com is up
Google.com is up
83.79.9.3 is up
Ping has started
Thu 26 Mar 2020 10:53:01 AM EDT
Pinging Youtube.com
0
Pinging Google.com
0
Pinging 83.79.9.3
0
Ping has completed
Youtube.com is up
Google.com is up
83.79.9.3 is up
Ping has started
Thu 26 Mar 2020 10:54:01 AM EDT
Pinging Youtube.com
0
Pinging Google.com
0
Pinging 83.79.9.3
0
Ping has completed
Youtube.com is up
Google.com is up
83.79.9.3 is up
Ping has started
Thu 26 Mar 2020 10:55:01 AM EDT
Pinging Youtube.com
0
Pinging Google.com
0
Pinging 83.79.9.3
0
Ping has completed
Youtube.com is up
Google.com is up
83.79.9.3 is up
Ping has started
Thu 26 Mar 2020 10:56:01 AM EDT
Pinging Youtube.com
0
Pinging Google.com
0
Pinging 83.79.9.3
0
Ping has completed
Youtube.com is up
Google.com is up
83.79.9.3 is up
Ping has started
Thu 26 Mar 2020 10:57:01 AM EDT
Pinging Youtube.com
0
Pinging Google.com
0
Pinging 83.79.9.3
0
Ping has completed
Youtube.com is up
Google.com is up
83.79.9.3 is up
Ping has started
Thu 26 Mar 2020 10:58:01 AM EDT
Pinging Youtube.com
0
Pinging Google.com
0
Pinging 83.79.9.3
0
Ping has completed
Youtube.com is up
Google.com is up
83.79.9.3 is up
Ping has started
Thu 26 Mar 2020 10:59:01 AM EDT
Pinging Youtube.com
0
Pinging Google.com
0
Pinging 83.79.9.3
0
Ping has completed
Youtube.com is up
Google.com is up
83.79.9.3 is up
Ping has started
Thu 26 Mar 2020 11:00:01 AM EDT
Pinging Youtube.com
0
Pinging Google.com
0
Pinging 83.79.9.3
0
Ping has completed
Youtube.com is up
Google.com is up
83.79.9.3 is up
Ping has started
Thu 26 Mar 2020 11:01:02 AM EDT
Pinging Youtube.com
0
Pinging Google.com
0
Pinging 83.79.9.3
0
Ping has completed
Youtube.com is up
Google.com is up
83.79.9.3 is up
Ping has started
Thu 26 Mar 2020 11:02:01 AM EDT
Pinging Youtube.com
0
Pinging Google.com
0
Pinging 83.79.9.3
0
Ping has completed
Youtube.com is up
Google.com is up
83.79.9.3 is up
Ping has started
Thu 26 Mar 2020 11:03:01 AM EDT
Pinging Youtube.com
0
Pinging Google.com
0
Pinging 83.79.9.3
0
Ping has completed
Youtube.com is up
Google.com is up
83.79.9.3 is up
Ping has started
Thu 26 Mar 2020 11:04:01 AM EDT
Pinging Youtube.com
0
Pinging Google.com
0
Pinging 83.79.9.3
0
Ping has completed
Youtube.com is up
Google.com is up
83.79.9.3 is up
Ping has started
Thu 26 Mar 2020 11:05:01 AM EDT
Pinging Youtube.com
0
Pinging Google.com
0
Pinging 83.79.9.3
0
Ping has completed
Youtube.com is up
Google.com is up
83.79.9.3 is up
Ping has started
Thu 26 Mar 2020 11:06:01 AM EDT
Pinging Youtube.com
0
Pinging Google.com
0
Pinging 83.79.9.3
0
Ping has completed
Youtube.com is up
Google.com is up
83.79.9.3 is up
Ping has started
Thu 26 Mar 2020 11:07:01 AM EDT
Pinging Youtube.com
0
Pinging Google.com
0
Pinging 83.79.9.3
0
Ping has completed
Youtube.com is up
Google.com is up
83.79.9.3 is up
Ping has started
Thu 26 Mar 2020 11:08:01 AM EDT
Pinging Youtube.com
0
Pinging Google.com
0
Pinging 83.79.9.3
0
Ping has completed
Youtube.com is up
Google.com is up
83.79.9.3 is up
Ping has started
Thu 26 Mar 2020 11:09:01 AM EDT
Pinging Youtube.com
0
Pinging Google.com
0
Pinging 83.79.9.3
33.3333
Ping has completed
Youtube.com is up
Google.com is up
Ping has started
Thu 26 Mar 2020 11:10:01 AM EDT
Pinging Youtube.com
0
Pinging Google.com
0
Pinging 83.79.9.3
0
Ping has completed
Youtube.com is up
Google.com is up
83.79.9.3 is up
Ping has started
Thu 26 Mar 2020 11:11:01 AM EDT
Pinging Youtube.com
0
Pinging Google.com
0
Pinging 83.79.9.3
0
Ping has completed
Youtube.com is up
Google.com is up
83.79.9.3 is up
Ping has started
Thu 26 Mar 2020 11:12:01 AM EDT
Pinging Youtube.com
0
Pinging Google.com
0
Pinging 83.79.9.3
33.3333
Ping has completed
Youtube.com is up
Google.com is up
Ping has started
Thu 26 Mar 2020 11:13:01 AM EDT
Pinging Youtube.com
0
Pinging Google.com
0
Pinging 83.79.9.3
0
Ping has completed
Youtube.com is up
Google.com is up
83.79.9.3 is up
Ping has started
Thu 26 Mar 2020 11:14:01 AM EDT
Pinging Youtube.com
0
Pinging Google.com
0
Pinging 83.79.9.3
0
Ping has completed
Youtube.com is up
Google.com is up
83.79.9.3 is up
Ping has started
Thu 26 Mar 2020 11:15:02 AM EDT
Pinging Youtube.com
0
Pinging Google.com
0
Pinging 83.79.9.3
0
Ping has completed
Youtube.com is up
Google.com is up
83.79.9.3 is up
Ping has started
Thu 26 Mar 2020 11:16:01 AM EDT
Pinging Youtube.com
0
Pinging Google.com
0
Pinging 83.79.9.3
33.3333
Ping has completed
Youtube.com is up
Google.com is up
Ping has started
Thu 26 Mar 2020 11:17:02 AM EDT
Pinging Youtube.com
0
Pinging Google.com
0
Pinging 83.79.9.3
33.3333
Ping has completed
Youtube.com is up
Google.com is up
Ping has started
Thu 26 Mar 2020 11:18:02 AM EDT
Pinging Youtube.com
0
Pinging Google.com
0
Pinging 83.79.9.3
0
Ping has completed
Youtube.com is up
Google.com is up
83.79.9.3 is up
Ping has started
Thu 26 Mar 2020 11:19:01 AM EDT
Pinging Youtube.com
0
Pinging Google.com
0
Pinging 83.79.9.3
0
Ping has completed
Youtube.com is up
Google.com is up
83.79.9.3 is up
Ping has started
Thu 26 Mar 2020 11:20:01 AM EDT
Pinging Youtube.com
0
Pinging Google.com
0
Pinging 83.79.9.3
33.3333
Ping has completed
Youtube.com is up
Google.com is up
Ping has started
Thu 26 Mar 2020 11:21:01 AM EDT
Pinging Youtube.com
0
Pinging Google.com
0
Pinging 83.79.9.3
33.3333
Ping has completed
Youtube.com is up
Google.com is up
Ping has started
Thu 26 Mar 2020 11:22:01 AM EDT
Pinging Youtube.com
0
Pinging Google.com
0
Pinging 83.79.9.3
66.6667
Ping has completed
Youtube.com is up
Google.com is up
Ping has started
Thu 26 Mar 2020 11:23:01 AM EDT
Pinging Youtube.com
0
Pinging Google.com
0
Pinging 83.79.9.3
33.3333
Ping has completed
Youtube.com is up
Google.com is up
Ping has started
Thu 26 Mar 2020 11:24:02 AM EDT
Pinging Youtube.com
0
Pinging Google.com
0
Pinging 83.79.9.3
0
Ping has completed
Youtube.com is up
Google.com is up
83.79.9.3 is up
Ping has started
Thu 26 Mar 2020 11:25:01 AM EDT
Pinging Youtube.com
0
Pinging Google.com
0
Pinging 83.79.9.3
0
Ping has completed
Youtube.com is up
Google.com is up
83.79.9.3 is up
Ping has started
Thu 26 Mar 2020 11:26:01 AM EDT
Pinging Youtube.com
0
Pinging Google.com
0
Pinging 83.79.9.3
0
Ping has completed
Youtube.com is up
Google.com is up
83.79.9.3 is up
Ping has started
Thu 26 Mar 2020 11:27:01 AM EDT
Pinging Youtube.com
0
Pinging Google.com
0
Pinging 83.79.9.3
33.3333
Ping has completed
Youtube.com is up
Google.com is up
Ping has started
Thu 26 Mar 2020 11:28:01 AM EDT
Pinging Youtube.com
0
Pinging Google.com
0
Pinging 83.79.9.3
33.3333
Ping has completed
Youtube.com is up
Google.com is up
Ping has started
Thu 26 Mar 2020 11:29:01 AM EDT
Pinging Youtube.com
0
Pinging Google.com
0
Pinging 83.79.9.3
0
Ping has completed
Youtube.com is up
Google.com is up
83.79.9.3 is up
Ping has started
Thu 26 Mar 2020 11:30:01 AM EDT
Pinging Youtube.com
0
Pinging Google.com
0
Pinging 83.79.9.3
0
Ping has completed
Youtube.com is up
Google.com is up
83.79.9.3 is up
Ping has started
Thu 26 Mar 2020 11:31:01 AM EDT
Pinging Youtube.com
0
Pinging Google.com
0
Pinging 83.79.9.3
33.3333
Ping has completed
Youtube.com is up
Google.com is up
Ping has started
Thu 26 Mar 2020 11:32:01 AM EDT
Pinging Youtube.com
0
Pinging Google.com
0
Pinging 83.79.9.3
0
Ping has completed
Youtube.com is up
Google.com is up
83.79.9.3 is up
Ping has started
Thu 26 Mar 2020 11:33:01 AM EDT
Pinging Youtube.com
0
Pinging Google.com
0
Pinging 83.79.9.3
33.3333
Ping has completed
Youtube.com is up
Google.com is up
Ping has started
Thu 26 Mar 2020 11:34:01 AM EDT
Pinging Youtube.com
0
Pinging Google.com
0
Pinging 83.79.9.3
0
Ping has completed
Youtube.com is up
Google.com is up
83.79.9.3 is up
Ping has started
Thu 26 Mar 2020 11:35:01 AM EDT
Pinging Youtube.com
0
Pinging Google.com
0
Pinging 83.79.9.3
33.3333
Ping has completed
Youtube.com is up
Google.com is up
Ping has started
Thu 26 Mar 2020 11:36:01 AM EDT
Pinging Youtube.com
0
Pinging Google.com
0
Pinging 83.79.9.3
0
Ping has completed
Youtube.com is up
Google.com is up
83.79.9.3 is up
Ping has started
Thu 26 Mar 2020 11:37:01 AM EDT
Pinging Youtube.com
0
Pinging Google.com
0
Pinging 83.79.9.3
33.3333
Ping has completed
Youtube.com is up
Google.com is up
Ping has started
Thu 26 Mar 2020 11:38:01 AM EDT
Pinging Youtube.com
0
Pinging Google.com
0
Pinging 83.79.9.3
0
Ping has completed
Youtube.com is up
Google.com is up
83.79.9.3 is up
Ping has started
Thu 26 Mar 2020 11:39:01 AM EDT
Pinging Youtube.com
0
Pinging Google.com
0
Pinging 83.79.9.3
0
Ping has completed
Youtube.com is up
Google.com is up
83.79.9.3 is up
Ping has started
Thu 26 Mar 2020 11:40:01 AM EDT
Pinging Youtube.com
0
Pinging Google.com
0
Pinging 83.79.9.3
0
Ping has completed
Youtube.com is up
Google.com is up
83.79.9.3 is up
Ping has started
Thu 26 Mar 2020 11:41:01 AM EDT
Pinging Youtube.com
0
Pinging Google.com
0
Pinging 83.79.9.3
33.3333
Ping has completed
Youtube.com is up
Google.com is up
Ping has started
Thu 26 Mar 2020 11:42:01 AM EDT
Pinging Youtube.com
0
Pinging Google.com
0
Pinging 83.79.9.3
33.3333
Ping has completed
Youtube.com is up
Google.com is up
Ping has started
Thu 26 Mar 2020 11:43:01 AM EDT
Pinging Youtube.com
0
Pinging Google.com
0
Pinging 83.79.9.3
0
Ping has completed
Youtube.com is up
Google.com is up
83.79.9.3 is up
Ping has started
Thu 26 Mar 2020 11:44:02 AM EDT
Pinging Youtube.com
0
Pinging Google.com
0
Pinging 83.79.9.3
0
Ping has completed
Youtube.com is up
Google.com is up
83.79.9.3 is up
Ping has started
Thu 26 Mar 2020 11:45:01 AM EDT
Pinging Youtube.com
0
Pinging Google.com
0
Pinging 83.79.9.3
33.3333
Ping has completed
Youtube.com is up
Google.com is up
Ping has started
Thu 26 Mar 2020 11:46:01 AM EDT
Pinging Youtube.com
0
Pinging Google.com
0
Pinging 83.79.9.3
0
Ping has completed
Youtube.com is up
Google.com is up
83.79.9.3 is up
Ping has started
Thu 26 Mar 2020 11:47:01 AM EDT
Pinging Youtube.com
0
Pinging Google.com
0
Pinging 83.79.9.3
0
Ping has completed
Youtube.com is up
Google.com is up
83.79.9.3 is up
Ping has started
Thu 26 Mar 2020 11:48:01 AM EDT
Pinging Youtube.com
0
Pinging Google.com
0
Pinging 83.79.9.3
0
Ping has completed
Youtube.com is up
Google.com is up
83.79.9.3 is up
Ping has started
Thu 26 Mar 2020 11:49:01 AM EDT
Pinging Youtube.com
0
Pinging Google.com
0
Pinging 83.79.9.3
33.3333
Ping has completed
Youtube.com is up
Google.com is up
Ping has started
Thu 26 Mar 2020 11:50:01 AM EDT
Pinging Youtube.com
0
Pinging Google.com
0
Pinging 83.79.9.3
33.3333
Ping has completed
Youtube.com is up
Google.com is up
Ping has started
Thu 26 Mar 2020 11:51:01 AM EDT
Pinging Youtube.com
0
Pinging Google.com
0
Pinging 83.79.9.3
0
Ping has completed
Youtube.com is up
Google.com is up
83.79.9.3 is up
Ping has started
Thu 26 Mar 2020 11:52:01 AM EDT
Pinging Youtube.com
0
Pinging Google.com
0
Pinging 83.79.9.3
33.3333
Ping has completed
Youtube.com is up
Google.com is up
Ping has started
Thu 26 Mar 2020 11:53:01 AM EDT
Pinging Youtube.com
0
Pinging Google.com
0
Pinging 83.79.9.3
0
Ping has completed
Youtube.com is up
Google.com is up
83.79.9.3 is up
Ping has started
Thu 26 Mar 2020 11:54:01 AM EDT
Pinging Youtube.com
0
Pinging Google.com
0
Pinging 83.79.9.3
0
Ping has completed
Youtube.com is up
Google.com is up
83.79.9.3 is up
Ping has started
Thu 26 Mar 2020 11:55:01 AM EDT
Pinging Youtube.com
0
Pinging Google.com
0
Pinging 83.79.9.3
33.3333
Ping has completed
Youtube.com is up
Google.com is up
Ping has started
Thu 26 Mar 2020 11:56:01 AM EDT
Pinging Youtube.com
0
Pinging Google.com
0
Pinging 83.79.9.3
33.3333
Ping has completed
Youtube.com is up
Google.com is up
Ping has started
Thu 26 Mar 2020 11:57:01 AM EDT
Pinging Youtube.com
0
Pinging Google.com
0
Pinging 83.79.9.3
33.3333
Ping has completed
Youtube.com is up
Google.com is up
Ping has started
Thu 26 Mar 2020 11:58:01 AM EDT
Pinging Youtube.com
0
Pinging Google.com
0
Pinging 83.79.9.3
0
Ping has completed
Youtube.com is up
Google.com is up
83.79.9.3 is up
Ping has started
Thu 26 Mar 2020 11:59:01 AM EDT
Pinging Youtube.com
0
Pinging Google.com
0
Pinging 83.79.9.3
33.3333
Ping has completed
Youtube.com is up
Google.com is up
Ping has started
Thu 26 Mar 2020 12:00:01 PM EDT
Pinging Youtube.com
0
Pinging Google.com
0
Pinging 83.79.9.3
0
Ping has completed
Youtube.com is up
Google.com is up
83.79.9.3 is up
Ping has started
Thu 26 Mar 2020 12:01:01 PM EDT
Pinging Youtube.com
0
Pinging Google.com
0
Pinging 83.79.9.3
0
Ping has completed
Youtube.com is up
Google.com is up
83.79.9.3 is up
Ping has started
Thu 26 Mar 2020 12:02:01 PM EDT
Pinging Youtube.com
0
Pinging Google.com
0
Pinging 83.79.9.3
33.3333
Ping has completed
Youtube.com is up
Google.com is up
Ping has started
Thu 26 Mar 2020 12:03:01 PM EDT
Pinging Youtube.com
0
Pinging Google.com
0
Pinging 83.79.9.3
0
Ping has completed
Youtube.com is up
Google.com is up
83.79.9.3 is up
Ping has started
Thu 26 Mar 2020 12:04:02 PM EDT
Pinging Youtube.com
0
Pinging Google.com
0
Pinging 83.79.9.3
0
Ping has completed
Youtube.com is up
Google.com is up
83.79.9.3 is up
Ping has started
Thu 26 Mar 2020 12:05:01 PM EDT
Pinging Youtube.com
0
Pinging Google.com
0
Pinging 83.79.9.3
0
Ping has completed
Youtube.com is up
Google.com is up
83.79.9.3 is up
Ping has started
Thu 26 Mar 2020 12:08:36 PM EDT
Pinging Youtube.com
Ping has started
Thu 26 Mar 2020 12:08:36 PM EDT
Pinging Youtube.com
0
Pinging Google.com
0
Pinging Google.com
0
0
Pinging 83.79.9.3
Pinging 83.79.9.3
0
0
Ping has completed
Ping has completed
Youtube.com is up
Youtube.com is up
Google.com is up
Google.com is up
83.79.9.3 is up
83.79.9.3 is up
Ping has started
Thu 26 Mar 2020 12:08:42 PM EDT
Pinging Youtube.com
0
Pinging Google.com
0
Pinging 83.79.9.3
0
Ping has completed
Youtube.com is up
Google.com is up
83.79.9.3 is up
Ping has started
Thu 26 Mar 2020 12:09:01 PM EDT
Pinging Youtube.com
0
Pinging Google.com
0
Pinging 83.79.9.3
0
Ping has completed
Youtube.com is up
Google.com is up
83.79.9.3 is up
Ping has started
Thu 26 Mar 2020 12:10:01 PM EDT
Pinging Youtube.com
0
Pinging Google.com
0
Pinging 83.79.9.3
33.3333
Ping has completed
Youtube.com is up
Google.com is up
Ping has started
Thu 26 Mar 2020 12:11:01 PM EDT
Pinging Youtube.com
0
Pinging Google.com
0
Pinging 83.79.9.3
0
Ping has completed
Youtube.com is up
Google.com is up
83.79.9.3 is up
Ping has started
Thu 26 Mar 2020 12:12:01 PM EDT
Pinging Youtube.com
0
Pinging Google.com
33.3333
Pinging 83.79.9.3
0
Ping has completed
Youtube.com is up
83.79.9.3 is up
Ping has started
Thu 26 Mar 2020 12:13:01 PM EDT
Pinging Youtube.com
0
Pinging Google.com
0
Pinging 83.79.9.3
0
Ping has completed
Youtube.com is up
Google.com is up
83.79.9.3 is up
Ping has started
Thu 26 Mar 2020 12:14:01 PM EDT
Pinging Youtube.com
0
Pinging Google.com
0
Pinging 83.79.9.3
33.3333
Ping has completed
Youtube.com is up
Google.com is up
Ping has started
Thu 26 Mar 2020 12:15:01 PM EDT
Pinging Youtube.com
0
Pinging Google.com
0
Pinging 83.79.9.3
0
Ping has completed
Youtube.com is up
Google.com is up
83.79.9.3 is up
Ping has started
Tue 31 Mar 2020 10:03:35 AM EDT
Pinging Youtube.com
0
Pinging Google.com
0
Pinging 83.79.9.3
0
Ping has completed
Youtube.com is up
Google.com is up
83.79.9.3 is up
Ping has started
Tue 31 Mar 2020 10:04:01 AM EDT
Pinging Youtube.com
0
Pinging Google.com
0
Pinging 83.79.9.3
0
Ping has completed
Youtube.com is up
Google.com is up
83.79.9.3 is up
Ping has started
Tue 31 Mar 2020 10:05:01 AM EDT
Pinging Youtube.com
0
Pinging Google.com
0
Pinging 83.79.9.3
0
Ping has completed
Youtube.com is up
Google.com is up
83.79.9.3 is up
Ping has started
Tue 31 Mar 2020 10:06:01 AM EDT
Pinging Youtube.com
0
Pinging Google.com
0
Pinging 83.79.9.3
0
Ping has completed
Youtube.com is up
Google.com is up
83.79.9.3 is up
Ping has started
Tue 31 Mar 2020 10:07:01 AM EDT
Pinging Youtube.com
0
Pinging Google.com
0
Pinging 83.79.9.3
0
Ping has completed
Youtube.com is up
Google.com is up
83.79.9.3 is up
Ping has started
Tue 31 Mar 2020 10:08:01 AM EDT
Pinging Youtube.com
0
Pinging Google.com
0
Pinging 83.79.9.3
0
Ping has completed
Youtube.com is up
Google.com is up
83.79.9.3 is up
Ping has started
Tue 31 Mar 2020 10:09:01 AM EDT
Pinging Youtube.com
0
Pinging Google.com
0
Pinging 83.79.9.3
0
Ping has completed
Youtube.com is up
Google.com is up
83.79.9.3 is up
Ping has started
Tue 31 Mar 2020 10:10:01 AM EDT
Pinging Youtube.com
0
Pinging Google.com
0
Pinging 83.79.9.3
0
Ping has completed
Youtube.com is up
Google.com is up
83.79.9.3 is up
Ping has started
Tue 31 Mar 2020 10:11:01 AM EDT
Pinging Youtube.com
0
Pinging Google.com
0
Pinging 83.79.9.3
0
Ping has completed
Youtube.com is up
Google.com is up
83.79.9.3 is up
Ping has started
Tue 31 Mar 2020 10:12:01 AM EDT
Pinging Youtube.com
0
Pinging Google.com
0
Pinging 83.79.9.3
0
Ping has completed
Youtube.com is up
Google.com is up
83.79.9.3 is up
Ping has started
Tue 31 Mar 2020 10:13:01 AM EDT
Pinging Youtube.com
0
Pinging Google.com
0
Pinging 83.79.9.3
0
Ping has completed
Youtube.com is up
Google.com is up
83.79.9.3 is up
Ping has started
Tue 31 Mar 2020 10:14:01 AM EDT
Pinging Youtube.com
0
Pinging Google.com
0
Pinging 83.79.9.3
0
Ping has completed
Youtube.com is up
Google.com is up
83.79.9.3 is up
Ping has started
Tue 31 Mar 2020 10:15:01 AM EDT
Pinging Youtube.com
0
Pinging Google.com
0
Pinging 83.79.9.3
0
Ping has completed
Youtube.com is up
Google.com is up
83.79.9.3 is up
Ping has started
Tue 31 Mar 2020 10:16:01 AM EDT
Pinging Youtube.com
0
Pinging Google.com
0
Pinging 83.79.9.3
0
Ping has completed
Youtube.com is up
Google.com is up
83.79.9.3 is up
Ping has started
Tue 31 Mar 2020 10:17:01 AM EDT
Pinging Youtube.com
0
Pinging Google.com
0
Pinging 83.79.9.3
0
Ping has completed
Youtube.com is up
Google.com is up
83.79.9.3 is up
Ping has started
Tue 31 Mar 2020 10:18:01 AM EDT
Pinging Youtube.com
0
Pinging Google.com
0
Pinging 83.79.9.3
0
Ping has completed
Youtube.com is up
Google.com is up
83.79.9.3 is up
Ping has started
Tue 31 Mar 2020 10:19:01 AM EDT
Pinging Youtube.com
0
Pinging Google.com
0
Pinging 83.79.9.3
0
Ping has completed
Youtube.com is up
Google.com is up
83.79.9.3 is up
Ping has started
Tue 31 Mar 2020 10:20:01 AM EDT
Pinging Youtube.com
0
Pinging Google.com
0
Pinging 83.79.9.3
0
Ping has completed
Youtube.com is up
Google.com is up
83.79.9.3 is up
Ping has started
Tue 31 Mar 2020 10:21:01 AM EDT
Pinging Youtube.com
0
Pinging Google.com
0
Pinging 83.79.9.3
0
Ping has completed
Youtube.com is up
Google.com is up
83.79.9.3 is up
Ping has started
Tue 31 Mar 2020 10:22:01 AM EDT
Pinging Youtube.com
0
Pinging Google.com
0
Pinging 83.79.9.3
0
Ping has completed
Youtube.com is up
Google.com is up
83.79.9.3 is up
Ping has started
Tue 31 Mar 2020 10:23:01 AM EDT
Pinging Youtube.com
0
Pinging Google.com
0
Pinging 83.79.9.3
0
Ping has completed
Youtube.com is up
Google.com is up
83.79.9.3 is up
Ping has started
Tue 31 Mar 2020 10:24:01 AM EDT
Pinging Youtube.com
0
Pinging Google.com
0
Pinging 83.79.9.3
0
Ping has completed
Youtube.com is up
Google.com is up
83.79.9.3 is up
Ping has started
Tue 31 Mar 2020 10:25:01 AM EDT
Pinging Youtube.com
0
Pinging Google.com
0
Pinging 83.79.9.3
0
Ping has completed
Youtube.com is up
Google.com is up
83.79.9.3 is up
Ping has started
Tue 31 Mar 2020 10:26:01 AM EDT
Pinging Youtube.com
0
Pinging Google.com
0
Pinging 83.79.9.3
0
Ping has completed
Youtube.com is up
Google.com is up
83.79.9.3 is up
Ping has started
Tue 31 Mar 2020 10:27:01 AM EDT
Pinging Youtube.com
0
Pinging Google.com
0
Pinging 83.79.9.3
0
Ping has completed
Youtube.com is up
Google.com is up
83.79.9.3 is up
Ping has started
Tue 31 Mar 2020 10:28:01 AM EDT
Pinging Youtube.com
0
Pinging Google.com
0
Pinging 83.79.9.3
0
Ping has completed
Youtube.com is up
Google.com is up
83.79.9.3 is up
Ping has started
Tue 31 Mar 2020 10:29:01 AM EDT
Pinging Youtube.com
0
Pinging Google.com
0
Pinging 83.79.9.3
0
Ping has completed
Youtube.com is up
Google.com is up
83.79.9.3 is up
Ping has started
Tue 31 Mar 2020 10:30:01 AM EDT
Pinging Youtube.com
0
Pinging Google.com
0
Pinging 83.79.9.3
0
Ping has completed
Youtube.com is up
Google.com is up
83.79.9.3 is up
Ping has started
Tue 31 Mar 2020 10:31:01 AM EDT
Pinging Youtube.com
0
Pinging Google.com
0
Pinging 83.79.9.3
0
Ping has completed
Youtube.com is up
Google.com is up
83.79.9.3 is up
Ping has started
Tue 31 Mar 2020 10:32:01 AM EDT
Pinging Youtube.com
0
Pinging Google.com
0
Pinging 83.79.9.3
0
Ping has completed
Youtube.com is up
Google.com is up
83.79.9.3 is up
Ping has started
Tue 31 Mar 2020 10:33:01 AM EDT
Pinging Youtube.com
0
Pinging Google.com
0
Pinging 83.79.9.3
0
Ping has completed
Youtube.com is up
Google.com is up
83.79.9.3 is up
Ping has started
Tue 31 Mar 2020 10:34:02 AM EDT
Pinging Youtube.com
0
Pinging Google.com
0
Pinging 83.79.9.3
0
Ping has completed
Youtube.com is up
Google.com is up
83.79.9.3 is up
Ping has started
Tue 31 Mar 2020 10:35:01 AM EDT
Pinging Youtube.com
0
Pinging Google.com
0
Pinging 83.79.9.3
0
Ping has completed
Youtube.com is up
Google.com is up
83.79.9.3 is up
Ping has started
Tue 31 Mar 2020 10:36:02 AM EDT
Pinging Youtube.com
0
Pinging Google.com
0
Pinging 83.79.9.3
0
Ping has completed
Youtube.com is up
Google.com is up
83.79.9.3 is up
Ping has started
Tue 31 Mar 2020 10:37:01 AM EDT
Pinging Youtube.com
0
Pinging Google.com
0
Pinging 83.79.9.3
0
Ping has completed
Youtube.com is up
Google.com is up
83.79.9.3 is up
Ping has started
Tue 31 Mar 2020 10:38:01 AM EDT
Pinging Youtube.com
0
Pinging Google.com
0
Pinging 83.79.9.3
0
Ping has completed
Youtube.com is up
Google.com is up
83.79.9.3 is up
Ping has started
Tue 31 Mar 2020 10:39:01 AM EDT
Pinging Youtube.com
0
Pinging Google.com
0
Pinging 83.79.9.3
0
Ping has completed
Youtube.com is up
Google.com is up
83.79.9.3 is up
Ping has started
Tue 31 Mar 2020 10:40:01 AM EDT
Pinging Youtube.com
0
Pinging Google.com
0
Pinging 83.79.9.3
0
Ping has completed
Youtube.com is up
Google.com is up
83.79.9.3 is up
Ping has started
Tue 31 Mar 2020 10:41:01 AM EDT
Pinging Youtube.com
0
Pinging Google.com
0
Pinging 83.79.9.3
0
Ping has completed
Youtube.com is up
Google.com is up
83.79.9.3 is up
Ping has started
Tue 31 Mar 2020 10:42:01 AM EDT
Pinging Youtube.com
0
Pinging Google.com
0
Pinging 83.79.9.3
0
Ping has completed
Youtube.com is up
Google.com is up
83.79.9.3 is up
Ping has started
Tue 31 Mar 2020 10:43:01 AM EDT
Pinging Youtube.com
0
Pinging Google.com
0
Pinging 83.79.9.3
0
Ping has completed
Youtube.com is up
Google.com is up
83.79.9.3 is up
Ping has started
Tue 31 Mar 2020 10:44:01 AM EDT
Pinging Youtube.com
0
Pinging Google.com
0
Pinging 83.79.9.3
0
Ping has completed
Youtube.com is up
Google.com is up
83.79.9.3 is up
Ping has started
Tue 31 Mar 2020 10:45:01 AM EDT
Pinging Youtube.com
0
Pinging Google.com
0
Pinging 83.79.9.3
0
Ping has completed
Youtube.com is up
Google.com is up
83.79.9.3 is up
Ping has started
Tue 31 Mar 2020 10:46:01 AM EDT
Pinging Youtube.com
0
Pinging Google.com
0
Pinging 83.79.9.3
0
Ping has completed
Youtube.com is up
Google.com is up
83.79.9.3 is up
Ping has started
Tue 31 Mar 2020 10:47:01 AM EDT
Pinging Youtube.com
0
Pinging Google.com
0
Pinging 83.79.9.3
0
Ping has completed
Youtube.com is up
Google.com is up
83.79.9.3 is up
Ping has started
Tue 31 Mar 2020 10:48:01 AM EDT
Pinging Youtube.com
0
Pinging Google.com
0
Pinging 83.79.9.3
0
Ping has completed
Youtube.com is up
Google.com is up
83.79.9.3 is up
Ping has started
Tue 31 Mar 2020 10:49:01 AM EDT
Pinging Youtube.com
0
Pinging Google.com
0
Pinging 83.79.9.3
0
Ping has completed
Youtube.com is up
Google.com is up
83.79.9.3 is up
Ping has started
Tue 31 Mar 2020 10:50:01 AM EDT
Pinging Youtube.com
0
Pinging Google.com
0
Pinging 83.79.9.3
0
Ping has completed
Youtube.com is up
Google.com is up
83.79.9.3 is up
Ping has started
Tue 31 Mar 2020 10:51:01 AM EDT
Pinging Youtube.com
0
Pinging Google.com
0
Pinging 83.79.9.3
0
Ping has completed
Youtube.com is up
Google.com is up
83.79.9.3 is up
Ping has started
Tue 31 Mar 2020 10:52:01 AM EDT
Pinging Youtube.com
0
Pinging Google.com
0
Pinging 83.79.9.3
0
Ping has completed
Youtube.com is up
Google.com is up
83.79.9.3 is up
Ping has started
Tue 31 Mar 2020 10:53:01 AM EDT
Pinging Youtube.com
0
Pinging Google.com
0
Pinging 83.79.9.3
0
Ping has completed
Youtube.com is up
Google.com is up
83.79.9.3 is up
Ping has started
Tue 31 Mar 2020 10:54:01 AM EDT
Pinging Youtube.com
0
Pinging Google.com
0
Pinging 83.79.9.3
0
Ping has completed
Youtube.com is up
Google.com is up
83.79.9.3 is up
Ping has started
Tue 31 Mar 2020 10:55:01 AM EDT
Pinging Youtube.com
0
Pinging Google.com
0
Pinging 83.79.9.3
0
Ping has completed
Youtube.com is up
Google.com is up
83.79.9.3 is up
Ping has started
Tue 31 Mar 2020 10:56:01 AM EDT
Pinging Youtube.com
0
Pinging Google.com
0
Pinging 83.79.9.3
0
Ping has completed
Youtube.com is up
Google.com is up
83.79.9.3 is up
Ping has started
Tue 31 Mar 2020 10:57:01 AM EDT
Pinging Youtube.com
0
Pinging Google.com
0
Pinging 83.79.9.3
0
Ping has completed
Youtube.com is up
Google.com is up
83.79.9.3 is up
Ping has started
Tue 31 Mar 2020 10:58:01 AM EDT
Pinging Youtube.com
0
Pinging Google.com
0
Pinging 83.79.9.3
0
Ping has completed
Youtube.com is up
Google.com is up
83.79.9.3 is up
Ping has started
Tue 31 Mar 2020 10:59:01 AM EDT
Pinging Youtube.com
0
Pinging Google.com
0
Pinging 83.79.9.3
0
Ping has completed
Youtube.com is up
Google.com is up
83.79.9.3 is up
Ping has started
Tue 31 Mar 2020 11:00:01 AM EDT
Pinging Youtube.com
0
Pinging Google.com
0
Pinging 83.79.9.3
0
Ping has completed
Youtube.com is up
Google.com is up
83.79.9.3 is up
Ping has started
Tue 31 Mar 2020 11:01:01 AM EDT
Pinging Youtube.com
0
Pinging Google.com
0
Pinging 83.79.9.3
0
Ping has completed
Youtube.com is up
Google.com is up
83.79.9.3 is up
Ping has started
Tue 31 Mar 2020 11:02:01 AM EDT
Pinging Youtube.com
0
Pinging Google.com
0
Pinging 83.79.9.3
0
Ping has completed
Youtube.com is up
Google.com is up
83.79.9.3 is up
Ping has started
Tue 31 Mar 2020 11:03:01 AM EDT
Pinging Youtube.com
0
Pinging Google.com
0
Pinging 83.79.9.3
0
Ping has completed
Youtube.com is up
Google.com is up
83.79.9.3 is up
Ping has started
Tue 31 Mar 2020 11:04:01 AM EDT
Pinging Youtube.com
0
Pinging Google.com
0
Pinging 83.79.9.3
0
Ping has completed
Youtube.com is up
Google.com is up
83.79.9.3 is up
Ping has started
Tue 31 Mar 2020 11:05:01 AM EDT
Pinging Youtube.com
0
Pinging Google.com
0
Pinging 83.79.9.3
0
Ping has completed
Youtube.com is up
Google.com is up
83.79.9.3 is up
Ping has started
Tue 31 Mar 2020 11:06:01 AM EDT
Pinging Youtube.com
0
Pinging Google.com
0
Pinging 83.79.9.3
0
Ping has completed
Youtube.com is up
Google.com is up
83.79.9.3 is up
Ping has started
Tue 31 Mar 2020 11:07:01 AM EDT
Pinging Youtube.com
0
Pinging Google.com
0
Pinging 83.79.9.3
0
Ping has completed
Youtube.com is up
Google.com is up
83.79.9.3 is up
Ping has started
Tue 31 Mar 2020 11:08:01 AM EDT
Pinging Youtube.com
0
Pinging Google.com
0
Pinging 83.79.9.3
0
Ping has completed
Youtube.com is up
Google.com is up
83.79.9.3 is up
Ping has started
Tue 31 Mar 2020 11:09:02 AM EDT
Pinging Youtube.com
0
Pinging Google.com
0
Pinging 83.79.9.3
0
Ping has completed
Youtube.com is up
Google.com is up
83.79.9.3 is up
Ping has started
Tue 31 Mar 2020 11:10:01 AM EDT
Pinging Youtube.com
0
Pinging Google.com
0
Pinging 83.79.9.3
0
Ping has completed
Youtube.com is up
Google.com is up
83.79.9.3 is up
Ping has started
Tue 31 Mar 2020 11:11:01 AM EDT
Pinging Youtube.com
0
Pinging Google.com
0
Pinging 83.79.9.3
0
Ping has completed
Youtube.com is up
Google.com is up
83.79.9.3 is up
Ping has started
Tue 31 Mar 2020 11:12:01 AM EDT
Pinging Youtube.com
0
Pinging Google.com
0
Pinging 83.79.9.3
0
Ping has completed
Youtube.com is up
Google.com is up
83.79.9.3 is up
Ping has started
Tue 31 Mar 2020 11:13:02 AM EDT
Pinging Youtube.com
0
Pinging Google.com
0
Pinging 83.79.9.3
0
Ping has completed
Youtube.com is up
Google.com is up
83.79.9.3 is up
Ping has started
Wed 01 Apr 2020 06:01:28 PM EDT
Pinging Youtube.com
0
Pinging Google.com
0
Pinging 83.79.9.3
0
Ping has completed
Youtube.com is up
Google.com is up
83.79.9.3 is up
Ping has started
Wed 01 Apr 2020 06:02:01 PM EDT
Pinging Youtube.com
0
Pinging Google.com
0
Pinging 83.79.9.3
0
Ping has completed
Youtube.com is up
Google.com is up
83.79.9.3 is up
Ping has started
Wed 01 Apr 2020 06:03:01 PM EDT
Pinging Youtube.com
0
Pinging Google.com
0
Pinging 83.79.9.3
0
Ping has completed
Youtube.com is up
Google.com is up
83.79.9.3 is up
Ping has started
Wed 01 Apr 2020 06:04:01 PM EDT
Pinging Youtube.com
0
Pinging Google.com
0
Pinging 83.79.9.3
0
Ping has completed
Youtube.com is up
Google.com is up
83.79.9.3 is up
Ping has started
Wed 01 Apr 2020 06:05:01 PM EDT
Pinging Youtube.com
0
Pinging Google.com
0
Pinging 83.79.9.3
0
Ping has completed
Youtube.com is up
Google.com is up
83.79.9.3 is up
Ping has started
Wed 01 Apr 2020 06:06:01 PM EDT
Pinging Youtube.com
0
Pinging Google.com
0
Pinging 83.79.9.3
0
Ping has completed
Youtube.com is up
Google.com is up
83.79.9.3 is up
Ping has started
Wed 01 Apr 2020 06:07:01 PM EDT
Pinging Youtube.com
0
Pinging Google.com
0
Pinging 83.79.9.3
0
Ping has completed
Youtube.com is up
Google.com is up
83.79.9.3 is up
Ping has started
Wed 01 Apr 2020 06:08:01 PM EDT
Pinging Youtube.com
0
Pinging Google.com
0
Pinging 83.79.9.3
0
Ping has completed
Youtube.com is up
Google.com is up
83.79.9.3 is up
Ping has started
Wed 01 Apr 2020 06:09:01 PM EDT
Pinging Youtube.com
0
Pinging Google.com
0
Pinging 83.79.9.3
0
Ping has completed
Youtube.com is up
Google.com is up
83.79.9.3 is up
Ping has started
Wed 01 Apr 2020 06:10:01 PM EDT
Pinging Youtube.com
0
Pinging Google.com
0
Pinging 83.79.9.3
0
Ping has completed
Youtube.com is up
Google.com is up
83.79.9.3 is up
Ping has started
Wed 01 Apr 2020 06:11:01 PM EDT
Pinging Youtube.com
0
Pinging Google.com
0
Pinging 83.79.9.3
0
Ping has completed
Youtube.com is up
Google.com is up
83.79.9.3 is up
Ping has started
Wed 01 Apr 2020 06:12:01 PM EDT
Pinging Youtube.com
0
Pinging Google.com
0
Pinging 83.79.9.3
0
Ping has completed
Youtube.com is up
Google.com is up
83.79.9.3 is up
Ping has started
Wed 01 Apr 2020 06:13:01 PM EDT
Pinging Youtube.com
0
Pinging Google.com
0
Pinging 83.79.9.3
0
Ping has completed
Youtube.com is up
Google.com is up
83.79.9.3 is up
Ping has started
Wed 01 Apr 2020 06:14:01 PM EDT
Pinging Youtube.com
0
Pinging Google.com
0
Pinging 83.79.9.3
0
Ping has completed
Youtube.com is up
Google.com is up
83.79.9.3 is up
Ping has started
Wed 01 Apr 2020 06:15:01 PM EDT
Pinging Youtube.com
0
Pinging Google.com
0
Pinging 83.79.9.3
0
Ping has completed
Youtube.com is up
Google.com is up
83.79.9.3 is up
Ping has started
Wed 01 Apr 2020 06:16:01 PM EDT
Pinging Youtube.com
0
Pinging Google.com
0
Pinging 83.79.9.3
0
Ping has completed
Youtube.com is up
Google.com is up
83.79.9.3 is up
Ping has started
Wed 01 Apr 2020 06:17:01 PM EDT
Pinging Youtube.com
0
Pinging Google.com
0
Pinging 83.79.9.3
0
Ping has completed
Youtube.com is up
Google.com is up
83.79.9.3 is up
Ping has started
Wed 01 Apr 2020 06:18:01 PM EDT
Pinging Youtube.com
0
Pinging Google.com
0
Pinging 83.79.9.3
0
Ping has completed
Youtube.com is up
Google.com is up
83.79.9.3 is up
Ping has started
Wed 01 Apr 2020 06:19:01 PM EDT
Pinging Youtube.com
0
Pinging Google.com
0
Pinging 83.79.9.3
0
Ping has completed
Youtube.com is up
Google.com is up
83.79.9.3 is up
Ping has started
Wed 01 Apr 2020 06:20:01 PM EDT
Pinging Youtube.com
0
Pinging Google.com
0
Pinging 83.79.9.3
0
Ping has completed
Youtube.com is up
Google.com is up
83.79.9.3 is up
